0:100  0:100  MemLog inited, TSC freq: 2808394310
0:100  0:000  CPU was calibrated with RTC
0:100  0:000  
0:100  0:000  Now is 7.9.2019,  10:53:47 (GMT)
0:100  0:000  Starting Clover revision: 5058 on American Megatrends EFI
0:100  0:000  Build with: [Args: -D NO_GRUB_DRIVERS_EMBEDDED | -D NO_GRUB_DRIVERS_EMBEDDED -D USE_LOW_EBDA -D HAVE_LEGACY_EMURUNTIMEDXE -a X64 -b RELEASE -t XCODE8 -n 5 | OS: 10.13.6 | XCODE: 10.1]
0:100  0:000  SelfDevicePath=PciRoot(0x0)\Pci(0x1D,0x0)\Pci(0x0,0x0)\NVMe(0x1,30-CA-00-61-CC-38-25-00)\HD(2,GPT,81B16105-4D3B-4DF3-9CF3-D0497D8116A1,0xFA000,0x32000) @66C55658
0:100  0:000  SelfDirPath = \EFI\CLOVER
0:100  0:000  === [ Get Smbios ] ========================================
0:105  0:004  Type 16 Index = 0
0:105  0:000  Total Memory Slots Count = 2
0:105  0:000  Type 17 Index = 0
0:105  0:000  SmbiosTable.Type17->Speed = 2400MHz
0:105  0:000  SmbiosTable.Type17->Size = 8192MB
0:105  0:000  SmbiosTable.Type17->Bank/Device = BANK 0 ChannelA-DIMM0
0:105  0:000  SmbiosTable.Type17->Vendor = Samsung
0:105  0:000  SmbiosTable.Type17->SerialNumber = 1775E369
0:105  0:000  SmbiosTable.Type17->PartNumber = M471A1K43BB1-CRC    
0:105  0:000  Type 17 Index = 1
0:105  0:000  SmbiosTable.Type17->Speed = 2400MHz
0:105  0:000  SmbiosTable.Type17->Size = 8192MB
0:105  0:000  SmbiosTable.Type17->Bank/Device = BANK 2 ChannelB-DIMM0
0:105  0:000  SmbiosTable.Type17->Vendor = Samsung
0:105  0:000  SmbiosTable.Type17->SerialNumber = 1775E368
0:105  0:000  SmbiosTable.Type17->PartNumber = M471A1K43BB1-CRC    
0:105  0:000  Boot status=0
0:105  0:000  Running on: 'GS73VR 7RF' with board 'MS-17B1'
0:105  0:000  === [ GetCPUProperties ] ==================================
0:105  0:000  CPU Vendor = 756E6547 Model=906E9
0:105  0:000   The CPU supported SSE4.1
0:105  0:000  BrandString = Intel(R) Core(TM) i7-7700HQ CPU @ 2.80GHz
0:105  0:000   The CPU supported turbo
0:105  0:000  MSR 0x35               40008
0:105  0:000   TSC/CCC Information Leaf:
0:105  0:000    numerator     : 234
0:105  0:000    denominator   : 2
0:105  0:000   Calibrated ARTFrequency: 24003370
0:105  0:000   Rounded ARTFrequency: 24100000
0:105  0:000  MSR 0xE2 before patch 00008000
0:105  0:000  MSR 0xE2 is locked, PM patches will be turned on
0:105  0:000  MSR 0xCE              0008083B_F1011C00
0:105  0:000  corrected FLEX_RATIO = 0
0:105  0:000  MSR 0x1B0             00000000
0:105  0:000  FSBFrequency = 97 MHz, DMI FSBFrequency = 100 MHz, Corrected FSBFrequency = 100 MHz
0:105  0:000  MaxDiv/MinDiv: 28.0/8
0:105  0:000  Turbo: 34/35/36/38
0:105  0:000  Features: 0xBFEBFBFF
0:105  0:000  Threads: 8
0:105  0:000  Cores: 4
0:105  0:000  FSB: 100 MHz
0:105  0:000  CPU: 2700 MHz
0:105  0:000  TSC: 2700 MHz
0:105  0:000  PIS: 100 MHz
0:105  0:000  ExternalClock: 25 MHz
0:105  0:000  === [ GetDevices ] ========================================
0:105  0:000  GOP found at: PciRoot(0x0)/Pci(0x2,0x0)/AcpiAdr(0x80011400)
0:105  0:000  PCI (00|00:00.00) : 8086 5910 class=060000
0:105  0:000  PCI (00|00:01.00) : 8086 1901 class=060400
0:105  0:000  PCI (00|01:00.00) : 10DE 1C20 class=030000
0:105  0:000   - GFX: Model=MSI GeForce GTX 1060 family 136 (Pascal)
0:105  0:000  PCI (00|01:00.01) : FFFF FFFF class=FFFFFF
0:105  0:000  PCI (00|00:02.00) : 8086 591B class=030000
0:105  0:000   - GOP: Provided by device
0:105  0:000   - GFX: Model=Intel HD Graphics 630 (Intel)
0:105  0:000  PCI (00|00:14.00) : 8086 A12F class=0C0330
0:105  0:000  PCI (00|00:14.02) : 8086 A131 class=118000
0:105  0:000  PCI (00|00:16.00) : 8086 A13A class=078000
0:105  0:000  PCI (00|00:17.00) : 8086 A103 class=010601
0:105  0:000  PCI (00|00:1C.00) : 8086 A110 class=060400
0:105  0:000  PCI (00|00:1C.04) : 8086 A114 class=060400
0:105  0:000  PCI (00|00:1D.00) : 8086 A118 class=060400
0:105  0:000  PCI (00|3C:00.00) : 144D A804 class=010802
0:105  0:000  PCI (00|00:1D.05) : 8086 A11D class=060400
0:105  0:000  PCI (00|3D:00.00) : 1969 E0B1 class=020000
0:105  0:000   - LAN: 0 Vendor=Atheros
0:105  0:000  PCI (00|00:1D.06) : 8086 A11E class=060400
0:105  0:000  PCI (00|3E:00.00) : 168C 003E class=028000
0:105  0:000   - WIFI: Vendor=Atheros
0:105  0:000  PCI (00|00:1F.00) : 8086 A152 class=060100
0:105  0:000  PCI (00|00:1F.02) : 8086 A121 class=058000
0:105  0:000  PCI (00|00:1F.03) : 8086 A171 class=040300
0:105  0:000  PCI (00|00:1F.04) : 8086 A123 class=0C0500
0:105  0:000  === [ GetDefaultSettings ] ================================
0:106  0:000  Clover load options size = 48 bytes
0:106  0:000  Clover started with option to boot boot.efi from Recovery HD
0:107  0:000  EFI\CLOVER\config.plist loaded: Success
0:112  0:005  === [ GetListOfThemes ] ===================================
0:113  0:000  - [00]: embedded
0:113  0:000  - [00]: random
0:114  0:000  - [00]: Nightwish
0:114  0:000  === [ Found config plists ] ===============================
0:114  0:000  - config.plist
0:115  0:000  - config_oldie.plist
0:115  0:000  === [ GetEarlyUserSettings ] ==============================
0:115  0:000  timeout set to 5
0:115  0:000  Custom boot CUSTOM_BOOT_DISABLED (0x0)
0:115  0:000  ForceKextsToLoad: 1 requested
0:115  0:000   - [0]: System\Library\Extensions\IONetworkingFamily.kext
0:115  0:000  KernelToPatch: 3 requested
0:115  0:000   - [00]: MSR 0xE2 _xcpm_idle instant reboot(c) Pike R. Alpha :: data len: 8
0:115  0:000   - [01]: Disable panic kext logging on 10.13 release kernel (credit vit9696) :: MatchOS: 10.13.x :: data len: 6
0:115  0:000   - [02]: Disable panic kext logging on 10.14 release kernel (credit vit9696) :: MatchOS: 10.14.x :: data len: 6
0:115  0:000  Default theme: Nightwish
0:115  0:000  Hiding entries with string Preboot
0:115  0:000  Hiding entries with string Recovery
0:116  0:000  === [ LoadDrivers ] =======================================
0:116  0:000  Loading DataHubDxe.efi  status=Success
0:120  0:003  Loading Fat.efi  status=Success
0:123  0:003   - driver needs connecting
0:123  0:000  Loading FSInject.efi  status=Success
0:126  0:003  Loading OsxAptioFix3Drv.efi  status=Success
0:130  0:003  Loading SMCHelper.efi  status=Success
0:133  0:002  Loading NvmExpressDxe-64.efi  status=Success
0:136  0:003   - driver needs connecting
0:136  0:000  Loading PartitionDxe-64.efi  status=Success
0:139  0:003   - driver needs connecting
0:139  0:000  Loading Ps2MouseDxe-64.efi  status=Success
0:142  0:002   - driver needs connecting
0:142  0:000  Loading UsbKbDxe-64.efi  status=Success
0:145  0:003   - driver needs connecting
0:145  0:000  Loading HFSPlus.efi  status=Success
0:148  0:003   - driver needs connecting
0:148  0:000  Loading NTFS-64.efi  status=Success
0:153  0:004   - driver needs connecting
0:153  0:000  7 drivers needs connecting ...
0:153  0:000  PlatformDriverOverrideProtocol not found. Installing ... Success
0:153  0:000  Partition driver loaded: 
0:153  0:000  HFS+ driver loaded
0:153  0:000  Searching for invalid DiskIo BY_DRIVER connects: not found, all ok
0:262  0:109  === [ InitScreen ] ========================================
0:262  0:000  Console modes reported: 4, available modes:
0:262  0:000   - [01]: 80x25 (current mode)
0:262  0:000   - [02]: 80x25
0:262  0:000   - [03]: 100x31
0:262  0:000   - [04]: 240x56
0:262  0:000  SetMaxResolution: found best mode 0: 1920x1080
0:262  0:000   - already set
0:262  0:000  reinit: self device path=PciRoot(0x0)\Pci(0x1D,0x0)\Pci(0x0,0x0)\NVMe(0x1,30-CA-00-61-CC-38-25-00)\HD(2,GPT,81B16105-4D3B-4DF3-9CF3-D0497D8116A1,0xFA000,0x32000)
0:263  0:000  Using embedded font: Success
0:264  0:000  === [ GetMacAddress ] =====================================
0:264  0:000  MAC address of LAN #0= 4C:CC:6A:E0:D6:86:
0:264  0:000  === [ ScanSPD ] ===========================================
0:264  0:000  Scanning SMBus [8086:A123], mmio: 0xDF12A004, ioport: 0xF040, hostc: 0x11
0:282  0:018  Slot: 0 Type 26 8192MB 2400MHz Vendor=Samsung PartNo=M471A1K43BB1-CRC SerialNo=010707050E030609
0:301  0:018  Slot: 2 Type 26 8192MB 2400MHz Vendor=Samsung PartNo=M471A1K43BB1-CRC SerialNo=010707050E030608
0:301  0:000  === [ GetAcpiTablesList ] =================================
0:303  0:001  Get Acpi Tables List from RSDT:
0:303  0:000   - [00]: FACP  MEGABOOK len=132
0:303  0:000   - [01]: APIC  MEGABOOK len=188
0:303  0:000   - [02]: FPDT  MEGABOOK len=68
0:303  0:000   - [03]: ECDT  MEGABOOK len=193
0:303  0:000   - [04]: MCFG  MEGABOOK len=60
0:303  0:000   - [05]: SSDT  SataTabl len=857
0:303  0:000   - [06]: FIDT  MEGABOOK len=156
0:303  0:000   - [07]: SLIC  MEGABOOK len=374
0:303  0:000   - [08]: SSDT  SaSsdt  len=12662
0:303  0:000   - [09]: SSDT  PegSsdt len=10360
0:303  0:000   - [10]: HPET  KBL len=56
0:303  0:000   - [11]: SSDT  Ther_Rvp len=3557
0:303  0:000   - [12]: SSDT  xh_rvp11 len=2763
0:303  0:000   - [13]: UEFI  EDK2     len=66
0:303  0:000   - [14]: SSDT  CpuSsdt len=3806
0:303  0:000   - [15]: LPIT  KBL len=148
0:303  0:000   - [16]: WSMT  KBL len=40
0:303  0:000   - [17]: SSDT  HdaDsp len=321
0:303  0:000   - [18]: SSDT  sensrhub len=671
0:303  0:000   - [19]: SSDT  TbtTypeC len=1303
0:303  0:000   - [20]: DBGP   len=52
0:303  0:000   - [21]: DBG2   len=84
0:303  0:000   - [22]: BGRT  MEGABOOK len=56
0:303  0:000   - [23]: SSDT  SgPeg len=174
0:303  0:000   - [24]: TPM2  MEGABOOK len=52
0:303  0:000   - [25]: SSDT  OptTabl len=7950
0:303  0:000  Calibrated TSC Frequency = 2808394310 = 2808MHz
0:304  0:000  === [ GetUserSettings ] ===================================
0:304  0:000  Add 1 devices:
0:304  0:000  USB FixOwnership: yes
0:304  0:000  Dropping 3 tables:
0:304  0:000   - [00]: Drop table  signature="#MCF" (46434D23)
0:304  0:000           - set table: 46434D23,                0 to drop: no
0:304  0:000   - [01]: Drop table  signature="DMAR" (52414D44)
0:304  0:000           - set table: 52414D44,                0 to drop: no
0:304  0:000   - [02]: Drop table  signature="SSDT" (54445353) table-id="xh_rvp10" (30317076725F6878)
0:304  0:000           - set table: 54445353, 30317076725F6878 to drop: no
0:304  0:000   - final DSDT Fix mask=01060050
0:304  0:000  PatchesDSDT: 12 requested
0:304  0:000   - [00]: (change OSID to XSID (to avoid match against _OSI XOSI patch)) lenToFind: 4, lenToReplace: 4, Target Bridge: <null string>
0:304  0:000    patch disabled at config
0:304  0:000   - [01]: (change _OSI to XOSI) lenToFind: 4, lenToReplace: 4, Target Bridge: <null string>
0:304  0:000    patch disabled at config
0:304  0:000   - [02]: (change _DSM to XDSM) lenToFind: 4, lenToReplace: 4, Target Bridge: <null string>
0:304  0:000    patch disabled at config
0:304  0:000   - [03]: (change EC0 to EC) lenToFind: 4, lenToReplace: 4, Target Bridge: <null string>
0:304  0:000    patch disabled at config
0:304  0:000   - [04]: (change H_EC to EC) lenToFind: 4, lenToReplace: 4, Target Bridge: <null string>
0:304  0:000    patch disabled at config
0:304  0:000   - [05]: (change ECDV to EC) lenToFind: 4, lenToReplace: 4, Target Bridge: <null string>
0:304  0:000    patch disabled at config
0:304  0:000   - [06]: (change HDAS to HDEF) lenToFind: 4, lenToReplace: 4, Target Bridge: <null string>
0:304  0:000   - [07]: (change HECI to IMEI) lenToFind: 4, lenToReplace: 4, Target Bridge: <null string>
0:304  0:000   - [08]: (change MEI to IMEI) lenToFind: 4, lenToReplace: 4, Target Bridge: <null string>
0:304  0:000   - [09]: (change GFX0 to IGPU) lenToFind: 4, lenToReplace: 4, Target Bridge: <null string>
0:304  0:000   - [10]: (change PCI0.VID to IGPU #1 (Thinkpad)) lenToFind: 8, lenToReplace: 8, Target Bridge: <null string>
0:304  0:000    patch disabled at config
0:304  0:000   - [11]: (change PCI0.VID to IGPU #2 (Thinkpad)) lenToFind: 14, lenToReplace: 14, Target Bridge: <null string>
0:304  0:000    patch disabled at config
0:304  0:000  Using ProductName from config: MacBookPro14,1
0:304  0:000  BiosVersion: not set, Using BiosVersion from clover
0:304  0:000  BiosVersion: MBP141.88Z.F000.B00.1906171613
0:304  0:000  BiosReleaseDate: 06/17/2019
0:304  0:000  Using EfiVersion from clover: 198.0.0.0.0
0:304  0:000  Using FirmwareFeatures from clover: 0xFC0FE137
0:304  0:000  Using FirmwareFeaturesMask from clover: 0xFF1FFF3F
0:304  0:000  Using PlatformFeature from clover: 0x1A
0:304  0:000  === [ Found DSDT tables ] =================================
0:304  0:000  - DSDT.aml
0:310  0:006  === [ ScanVolumes ] =======================================
0:310  0:000  Found 12 volumes with blockIO
0:310  0:000  - [00]: Volume: PciRoot(0x0)\Pci(0x17,0x0)\Sata(0x3,0xFFFF,0x0)
0:311  0:001  - [01]: Volume: PciRoot(0x0)\Pci(0x17,0x0)\Sata(0x3,0xFFFF,0x0)\HD(1,GPT,826DA648-97FB-4ED1-99C1-58A583A86D49,0x800,0x74706000)
0:313  0:001          Result of bootcode detection: bootable Windows (vista,win)
0:313  0:000  - [02]: Volume: PciRoot(0x0)\Pci(0x1D,0x0)\Pci(0x0,0x0)\NVMe(0x1,30-CA-00-61-CC-38-25-00)
0:313  0:000  - [03]: Volume: PciRoot(0x0)\Pci(0x1D,0x0)\Pci(0x0,0x0)\NVMe(0x1,30-CA-00-61-CC-38-25-00)\HD(1,GPT,DB57621B-ED4F-4EC0-A1D8-42A60AB77838,0x800,0xF9800)
0:313  0:000          Result of bootcode detection: bootable Windows (vista,win)
0:313  0:000          hiding this volume
0:313  0:000  - [04]: Volume: PciRoot(0x0)\Pci(0x1D,0x0)\Pci(0x0,0x0)\NVMe(0x1,30-CA-00-61-CC-38-25-00)\HD(2,GPT,81B16105-4D3B-4DF3-9CF3-D0497D8116A1,0xFA000,0x32000)
0:313  0:000          Result of bootcode detection: bootable Windows (vista,win)
0:313  0:000          This is SelfVolume !!
0:313  0:000  - [05]: Volume: PciRoot(0x0)\Pci(0x1D,0x0)\Pci(0x0,0x0)\NVMe(0x1,30-CA-00-61-CC-38-25-00)\HD(3,GPT,5A6A826A-EB7E-4345-8960-506899C5247D,0x12C000,0x8000)
0:313  0:000  - [06]: Volume: PciRoot(0x0)\Pci(0x1D,0x0)\Pci(0x0,0x0)\NVMe(0x1,30-CA-00-61-CC-38-25-00)\HD(4,GPT,AD97925B-9F02-4856-9B41-5B20A179F901,0x134000,0x1127606C)
0:313  0:000          Result of bootcode detection: bootable Windows (vista,win)
0:313  0:000  - [07]: Volume: PciRoot(0x0)\Pci(0x1D,0x0)\Pci(0x0,0x0)\NVMe(0x1,30-CA-00-61-CC-38-25-00)\HD(5,GPT,F29ABDC0-5644-4A38-8BD9-39B2994ABEBC,0x113AA800,0x148000)
0:313  0:000          Result of bootcode detection: bootable Windows (vista,win)
0:313  0:000  - [08]: Volume: PciRoot(0x0)\Pci(0x1D,0x0)\Pci(0x0,0x0)\NVMe(0x1,30-CA-00-61-CC-38-25-00)\HD(6,GPT,B74B325B-4475-4A41-AD88-86D8C78BC4FA,0x114F2800,0x1000000)
0:313  0:000  - [09]: Volume: PciRoot(0x0)\Pci(0x1D,0x0)\Pci(0x0,0x0)\NVMe(0x1,30-CA-00-61-CC-38-25-00)\HD(7,GPT,775A00FD-D4E4-B348-9306-B2BE38C82924,0x124F2800,0x600C800)
0:314  0:000  - [10]: Volume: PciRoot(0x0)\Pci(0x1D,0x0)\Pci(0x0,0x0)\NVMe(0x1,30-CA-00-61-CC-38-25-00)\HD(8,GPT,AD2F7CBD-785A-431A-77A3-AFD0584C116A,0x184FF000,0x56BE368)
0:314  0:000  - [11]: Volume: PciRoot(0x0)\Pci(0x1D,0x0)\Pci(0x0,0x0)\NVMe(0x1,30-CA-00-61-CC-38-25-00)\HD(9,GPT,B614E136-68C9-40D6-8712-9796F03C6F25,0x1DBBD368,0x135F20)
0:314  0:000          hiding this volume
0:314  0:000  No AudioIoProtocols, status=Not Found
0:314  0:000  === [ InitTheme ] =========================================
0:314  0:000  use daylight theme
0:315  0:000  Using theme 'Nightwish' (EFI\CLOVER\themes\Nightwish)
0:315  0:000  OS main and drive as badge
0:316  0:001    Channels: 2  Sample rate: 44100 Hz  Bits: 16
0:316  0:000  output to channel 0 with volume 70, len=548864
0:316  0:000   sound channels=2 bits=16 freq=44100
0:316  0:000  not found AudioIo to play
0:316  0:000  free sound
0:316  0:000  sound play end with status=Not Found
0:317  0:000  Loading font from ThemeDir: Success
0:317  0:000  theme inited
0:317  0:000  Chosen theme Nightwish
0:318  0:000  after NVRAM boot-args=dart=0 nv_disable=1 -disablegfxfirmware -cdfon -igfxnohdmi lilucpu=9 alcid=98
0:318  0:000  === [ Dump SMC keys from NVRAM ] ==========================
0:318  0:000  found AppleSMC protocol
0:406  0:087  Registered 29 SMC keys
0:408  0:002  === [ AddCustomEntries ] ==================================
0:408  0:000  Custom entry 0 Title:"Windows" Path:"\EFI\Microsoft\Boot\bootmgfw.efi" Options:"-s -h" Type:7 Flags:0x0 matching all volumes
0:408  0:000      Checking volume "Backup" (PciRoot(0x0)\Pci(0x17,0x0)\Sata(0x3,0xFFFF,0x0)\HD(1,GPT,826DA648-97FB-4ED1-99C1-58A583A86D49,0x800,0x74706000)) ... skipped because path does not exist
0:408  0:000      Checking volume "Recovery" (PciRoot(0x0)\Pci(0x1D,0x0)\Pci(0x0,0x0)\NVMe(0x1,30-CA-00-61-CC-38-25-00)\HD(1,GPT,DB57621B-ED4F-4EC0-A1D8-42A60AB77838,0x800,0xF9800)) ... skipped because volume is hidden
0:408  0:000      Checking volume "EFI" (PciRoot(0x0)\Pci(0x1D,0x0)\Pci(0x0,0x0)\NVMe(0x1,30-CA-00-61-CC-38-25-00)\HD(2,GPT,81B16105-4D3B-4DF3-9CF3-D0497D8116A1,0xFA000,0x32000)) ... match!
0:411  0:002  Custom settings: <null string>.plist will  be applied
0:411  0:000      Checking volume "Windows10" (PciRoot(0x0)\Pci(0x1D,0x0)\Pci(0x0,0x0)\NVMe(0x1,30-CA-00-61-CC-38-25-00)\HD(4,GPT,AD97925B-9F02-4856-9B41-5B20A179F901,0x134000,0x1127606C)) ... skipped because path does not exist
0:411  0:000      Checking volume "" (PciRoot(0x0)\Pci(0x1D,0x0)\Pci(0x0,0x0)\NVMe(0x1,30-CA-00-61-CC-38-25-00)\HD(5,GPT,F29ABDC0-5644-4A38-8BD9-39B2994ABEBC,0x113AA800,0x148000)) ... skipped because path does not exist
0:411  0:000      Checking volume "Hackintosh" (PciRoot(0x0)\Pci(0x1D,0x0)\Pci(0x0,0x0)\NVMe(0x1,30-CA-00-61-CC-38-25-00)\HD(8,GPT,AD2F7CBD-785A-431A-77A3-AFD0584C116A,0x184FF000,0x56BE368)) ... skipped because path does not exist
0:411  0:000      Checking volume "Recovery HD" (PciRoot(0x0)\Pci(0x1D,0x0)\Pci(0x0,0x0)\NVMe(0x1,30-CA-00-61-CC-38-25-00)\HD(9,GPT,B614E136-68C9-40D6-8712-9796F03C6F25,0x1DBBD368,0x135F20)) ... skipped because volume is hidden
0:411  0:000  Custom entry 1 Title:"Arch" Path:"\EFI\antergos_grub\grubx64.efi" Type:4 Flags:0x0 matching all volumes
0:411  0:000      Checking volume "Backup" (PciRoot(0x0)\Pci(0x17,0x0)\Sata(0x3,0xFFFF,0x0)\HD(1,GPT,826DA648-97FB-4ED1-99C1-58A583A86D49,0x800,0x74706000)) ... skipped because path does not exist
0:411  0:000      Checking volume "Recovery" (PciRoot(0x0)\Pci(0x1D,0x0)\Pci(0x0,0x0)\NVMe(0x1,30-CA-00-61-CC-38-25-00)\HD(1,GPT,DB57621B-ED4F-4EC0-A1D8-42A60AB77838,0x800,0xF9800)) ... skipped because volume is hidden
0:411  0:000      Checking volume "EFI" (PciRoot(0x0)\Pci(0x1D,0x0)\Pci(0x0,0x0)\NVMe(0x1,30-CA-00-61-CC-38-25-00)\HD(2,GPT,81B16105-4D3B-4DF3-9CF3-D0497D8116A1,0xFA000,0x32000)) ... match!
0:412  0:001  Custom settings: <null string>.plist will  be applied
0:412  0:000      Checking volume "Windows10" (PciRoot(0x0)\Pci(0x1D,0x0)\Pci(0x0,0x0)\NVMe(0x1,30-CA-00-61-CC-38-25-00)\HD(4,GPT,AD97925B-9F02-4856-9B41-5B20A179F901,0x134000,0x1127606C)) ... skipped because path does not exist
0:412  0:000      Checking volume "" (PciRoot(0x0)\Pci(0x1D,0x0)\Pci(0x0,0x0)\NVMe(0x1,30-CA-00-61-CC-38-25-00)\HD(5,GPT,F29ABDC0-5644-4A38-8BD9-39B2994ABEBC,0x113AA800,0x148000)) ... skipped because path does not exist
0:412  0:000      Checking volume "Hackintosh" (PciRoot(0x0)\Pci(0x1D,0x0)\Pci(0x0,0x0)\NVMe(0x1,30-CA-00-61-CC-38-25-00)\HD(8,GPT,AD2F7CBD-785A-431A-77A3-AFD0584C116A,0x184FF000,0x56BE368)) ... skipped because path does not exist
0:412  0:000      Checking volume "Recovery HD" (PciRoot(0x0)\Pci(0x1D,0x0)\Pci(0x0,0x0)\NVMe(0x1,30-CA-00-61-CC-38-25-00)\HD(9,GPT,B614E136-68C9-40D6-8712-9796F03C6F25,0x1DBBD368,0x135F20)) ... skipped because volume is hidden
0:412  0:000  === [ ScanLoader ] ========================================
0:412  0:000  - [01]: 'Backup'
0:412  0:000  - [03]: 'Recovery', hidden
0:412  0:000  - [04]: 'EFI'
0:413  0:000          AddLoaderEntry for Volume Name=EFI
0:413  0:000       skipped because path `PciRoot(0x0)\Pci(0x1D,0x0)\Pci(0x0,0x0)\NVMe(0x1,30-CA-00-61-CC-38-25-00)\HD(2,GPT,81B16105-4D3B-4DF3-9CF3-D0497D8116A1,0xFA000,0x32000)\EFI\microsoft\Boot\bootmgfw.efii` already exists for another entry!
0:413  0:000          AddLoaderEntry for Volume Name=EFI
0:413  0:000          skipped because entry is hidden
0:413  0:000  - [06]: 'Windows10'
0:413  0:000  - [07]: ''
0:413  0:000  - [10]: 'Hackintosh'
0:417  0:003          AddLoaderEntry for Volume Name=Hackintosh
0:418  0:000      hibernated: set as never
0:420  0:001  - [11]: 'Recovery HD', hidden
0:420  0:000  === [ AddCustomTool ] =====================================
0:421  0:001  === [ GetEfiBootDeviceFromNvram ] =========================
0:422  0:001   - efi-boot-device-data: PciRoot(0x0)\Pci(0x1D,0x0)\Pci(0x0,0x0)\NVMe(0x1,30-CA-00-61-CC-38-25-00)\HD(8,GPT,AD2F7CBD-785A-431A-77A3-AFD0584C116A,0x184FF000,0x56BE368)
0:422  0:000    - Volume: 'PciRoot(0x0)\Pci(0x1D,0x0)\Pci(0x0,0x0)\NVMe(0x1,30-CA-00-61-CC-38-25-00)\HD(8,GPT,AD2F7CBD-785A-431A-77A3-AFD0584C116A,0x184FF000,0x56BE368)'
0:422  0:000    - LoaderPath: '<null string>'
0:422  0:000    - Guid = AD2F7CBD-785A-431A-77A3-AFD0584C116A
0:422  0:000  === [ FindStartupDiskVolume ] =============================
0:422  0:000    - Volume: partition = PciRoot(0x0)\Pci(0x1D,0x0)\Pci(0x0,0x0)\NVMe(0x1,30-CA-00-61-CC-38-25-00)\HD(8,GPT,AD2F7CBD-785A-431A-77A3-AFD0584C116A,0x184FF000,0x56BE368)
0:422  0:000     - searching for that partition
0:422  0:000      - found entry 2. 'Boot macOS from Hackintosh', Volume 'Hackintosh'
0:422  0:000  Boot redirected to Entry 2. 'Boot macOS from Hackintosh'
0:422  0:000  DefaultIndex=2 and MainMenu.EntryCount=7
0:504  0:081  can't bear mouse at all! Status=Unsupported
0:506  0:001  can't bear mouse at timeout! Status=Unsupported
0:506  0:000  GUI ready
1:508  1:002  can't bear mouse at timeout! Status=Unsupported
1:941  0:433  can't bear mouse at timeout! Status=Unsupported
1:945  0:003  can't bear mouse at sel! Status=Unsupported
2:273  0:327  can't bear mouse at sel! Status=Unsupported
3:079  0:806  can't bear mouse at sel! Status=Unsupported
3:274  0:194  can't bear mouse at sel! Status=Unsupported
3:677  0:403  can't bear mouse at sel! Status=Unsupported
3:839  0:161  can't bear mouse at sel! Status=Unsupported
4:436  0:597  can't bear mouse at all! Status=Unsupported
4:627  0:190  can't bear mouse at sel! Status=Unsupported
4:882  0:255  can't bear mouse at sel! Status=Unsupported
5:186  0:303  exit from MainMenu 1
7:947  2:760  EDITED: dart=0 nv_disable=1 -disablegfxfirmware -cdfon -igfxnohdmi lilucpu=9 alcid=98 -alcdbg
10:756  2:809  ReinitSelfLib after theme change
10:756  0:000  reinit: self device path=PciRoot(0x0)\Pci(0x1D,0x0)\Pci(0x0,0x0)\NVMe(0x1,30-CA-00-61-CC-38-25-00)\HD(2,GPT,81B16105-4D3B-4DF3-9CF3-D0497D8116A1,0xFA000,0x32000)
10:756  0:000  === [ ScanVolumes ] =======================================
10:756  0:000  Found 12 volumes with blockIO
10:756  0:000  - [00]: Volume: PciRoot(0x0)\Pci(0x17,0x0)\Sata(0x3,0xFFFF,0x0)
10:757  0:001  - [01]: Volume: PciRoot(0x0)\Pci(0x17,0x0)\Sata(0x3,0xFFFF,0x0)\HD(1,GPT,826DA648-97FB-4ED1-99C1-58A583A86D49,0x800,0x74706000)
10:761  0:003          Result of bootcode detection: bootable Windows (vista,win)
10:761  0:000  - [02]: Volume: PciRoot(0x0)\Pci(0x1D,0x0)\Pci(0x0,0x0)\NVMe(0x1,30-CA-00-61-CC-38-25-00)
10:761  0:000  - [03]: Volume: PciRoot(0x0)\Pci(0x1D,0x0)\Pci(0x0,0x0)\NVMe(0x1,30-CA-00-61-CC-38-25-00)\HD(1,GPT,DB57621B-ED4F-4EC0-A1D8-42A60AB77838,0x800,0xF9800)
10:761  0:000          Result of bootcode detection: bootable Windows (vista,win)
10:761  0:000          hiding this volume
10:761  0:000  - [04]: Volume: PciRoot(0x0)\Pci(0x1D,0x0)\Pci(0x0,0x0)\NVMe(0x1,30-CA-00-61-CC-38-25-00)\HD(2,GPT,81B16105-4D3B-4DF3-9CF3-D0497D8116A1,0xFA000,0x32000)
10:761  0:000          Result of bootcode detection: bootable Windows (vista,win)
10:761  0:000          This is SelfVolume !!
10:761  0:000  - [05]: Volume: PciRoot(0x0)\Pci(0x1D,0x0)\Pci(0x0,0x0)\NVMe(0x1,30-CA-00-61-CC-38-25-00)\HD(3,GPT,5A6A826A-EB7E-4345-8960-506899C5247D,0x12C000,0x8000)
10:761  0:000  - [06]: Volume: PciRoot(0x0)\Pci(0x1D,0x0)\Pci(0x0,0x0)\NVMe(0x1,30-CA-00-61-CC-38-25-00)\HD(4,GPT,AD97925B-9F02-4856-9B41-5B20A179F901,0x134000,0x1127606C)
10:761  0:000          Result of bootcode detection: bootable Windows (vista,win)
10:761  0:000  - [07]: Volume: PciRoot(0x0)\Pci(0x1D,0x0)\Pci(0x0,0x0)\NVMe(0x1,30-CA-00-61-CC-38-25-00)\HD(5,GPT,F29ABDC0-5644-4A38-8BD9-39B2994ABEBC,0x113AA800,0x148000)
10:761  0:000          Result of bootcode detection: bootable Windows (vista,win)
10:761  0:000  - [08]: Volume: PciRoot(0x0)\Pci(0x1D,0x0)\Pci(0x0,0x0)\NVMe(0x1,30-CA-00-61-CC-38-25-00)\HD(6,GPT,B74B325B-4475-4A41-AD88-86D8C78BC4FA,0x114F2800,0x1000000)
10:762  0:000  - [09]: Volume: PciRoot(0x0)\Pci(0x1D,0x0)\Pci(0x0,0x0)\NVMe(0x1,30-CA-00-61-CC-38-25-00)\HD(7,GPT,775A00FD-D4E4-B348-9306-B2BE38C82924,0x124F2800,0x600C800)
10:762  0:000  - [10]: Volume: PciRoot(0x0)\Pci(0x1D,0x0)\Pci(0x0,0x0)\NVMe(0x1,30-CA-00-61-CC-38-25-00)\HD(8,GPT,AD2F7CBD-785A-431A-77A3-AFD0584C116A,0x184FF000,0x56BE368)
10:762  0:000  - [11]: Volume: PciRoot(0x0)\Pci(0x1D,0x0)\Pci(0x0,0x0)\NVMe(0x1,30-CA-00-61-CC-38-25-00)\HD(9,GPT,B614E136-68C9-40D6-8712-9796F03C6F25,0x1DBBD368,0x135F20)
10:762  0:000          hiding this volume
10:762  0:000  No AudioIoProtocols, status=Not Found
10:762  0:000  theme inited
10:762  0:000  Chosen theme Nightwish
10:762  0:000  after NVRAM boot-args=dart=0 nv_disable=1 -disablegfxfirmware -cdfon -igfxnohdmi lilucpu=9 alcid=98 -alcdbg 
10:763  0:000  === [ AddCustomEntries ] ==================================
10:763  0:000  Custom entry 0 Title:"Windows" Path:"\EFI\Microsoft\Boot\bootmgfw.efi" Options:"-s -h" Type:7 Flags:0x0 matching all volumes
10:763  0:000      Checking volume "Backup" (PciRoot(0x0)\Pci(0x17,0x0)\Sata(0x3,0xFFFF,0x0)\HD(1,GPT,826DA648-97FB-4ED1-99C1-58A583A86D49,0x800,0x74706000)) ... skipped because path does not exist
10:763  0:000      Checking volume "Recovery" (PciRoot(0x0)\Pci(0x1D,0x0)\Pci(0x0,0x0)\NVMe(0x1,30-CA-00-61-CC-38-25-00)\HD(1,GPT,DB57621B-ED4F-4EC0-A1D8-42A60AB77838,0x800,0xF9800)) ... skipped because volume is hidden
10:763  0:000      Checking volume "EFI" (PciRoot(0x0)\Pci(0x1D,0x0)\Pci(0x0,0x0)\NVMe(0x1,30-CA-00-61-CC-38-25-00)\HD(2,GPT,81B16105-4D3B-4DF3-9CF3-D0497D8116A1,0xFA000,0x32000)) ... match!
10:763  0:000  Custom settings: <null string>.plist will  be applied
10:763  0:000      Checking volume "Windows10" (PciRoot(0x0)\Pci(0x1D,0x0)\Pci(0x0,0x0)\NVMe(0x1,30-CA-00-61-CC-38-25-00)\HD(4,GPT,AD97925B-9F02-4856-9B41-5B20A179F901,0x134000,0x1127606C)) ... skipped because path does not exist
10:763  0:000      Checking volume "" (PciRoot(0x0)\Pci(0x1D,0x0)\Pci(0x0,0x0)\NVMe(0x1,30-CA-00-61-CC-38-25-00)\HD(5,GPT,F29ABDC0-5644-4A38-8BD9-39B2994ABEBC,0x113AA800,0x148000)) ... skipped because path does not exist
10:763  0:000      Checking volume "Hackintosh" (PciRoot(0x0)\Pci(0x1D,0x0)\Pci(0x0,0x0)\NVMe(0x1,30-CA-00-61-CC-38-25-00)\HD(8,GPT,AD2F7CBD-785A-431A-77A3-AFD0584C116A,0x184FF000,0x56BE368)) ... skipped because path does not exist
10:763  0:000      Checking volume "Recovery HD" (PciRoot(0x0)\Pci(0x1D,0x0)\Pci(0x0,0x0)\NVMe(0x1,30-CA-00-61-CC-38-25-00)\HD(9,GPT,B614E136-68C9-40D6-8712-9796F03C6F25,0x1DBBD368,0x135F20)) ... skipped because volume is hidden
10:763  0:000  Custom entry 1 Title:"Arch" Path:"\EFI\antergos_grub\grubx64.efi" Type:4 Flags:0x0 matching all volumes
10:763  0:000      Checking volume "Backup" (PciRoot(0x0)\Pci(0x17,0x0)\Sata(0x3,0xFFFF,0x0)\HD(1,GPT,826DA648-97FB-4ED1-99C1-58A583A86D49,0x800,0x74706000)) ... skipped because path does not exist
10:763  0:000      Checking volume "Recovery" (PciRoot(0x0)\Pci(0x1D,0x0)\Pci(0x0,0x0)\NVMe(0x1,30-CA-00-61-CC-38-25-00)\HD(1,GPT,DB57621B-ED4F-4EC0-A1D8-42A60AB77838,0x800,0xF9800)) ... skipped because volume is hidden
10:763  0:000      Checking volume "EFI" (PciRoot(0x0)\Pci(0x1D,0x0)\Pci(0x0,0x0)\NVMe(0x1,30-CA-00-61-CC-38-25-00)\HD(2,GPT,81B16105-4D3B-4DF3-9CF3-D0497D8116A1,0xFA000,0x32000)) ... match!
10:764  0:000  Custom settings: <null string>.plist will  be applied
10:764  0:000      Checking volume "Windows10" (PciRoot(0x0)\Pci(0x1D,0x0)\Pci(0x0,0x0)\NVMe(0x1,30-CA-00-61-CC-38-25-00)\HD(4,GPT,AD97925B-9F02-4856-9B41-5B20A179F901,0x134000,0x1127606C)) ... skipped because path does not exist
10:764  0:000      Checking volume "" (PciRoot(0x0)\Pci(0x1D,0x0)\Pci(0x0,0x0)\NVMe(0x1,30-CA-00-61-CC-38-25-00)\HD(5,GPT,F29ABDC0-5644-4A38-8BD9-39B2994ABEBC,0x113AA800,0x148000)) ... skipped because path does not exist
10:764  0:000      Checking volume "Hackintosh" (PciRoot(0x0)\Pci(0x1D,0x0)\Pci(0x0,0x0)\NVMe(0x1,30-CA-00-61-CC-38-25-00)\HD(8,GPT,AD2F7CBD-785A-431A-77A3-AFD0584C116A,0x184FF000,0x56BE368)) ... skipped because path does not exist
10:764  0:000      Checking volume "Recovery HD" (PciRoot(0x0)\Pci(0x1D,0x0)\Pci(0x0,0x0)\NVMe(0x1,30-CA-00-61-CC-38-25-00)\HD(9,GPT,B614E136-68C9-40D6-8712-9796F03C6F25,0x1DBBD368,0x135F20)) ... skipped because volume is hidden
10:764  0:000  === [ ScanLoader ] ========================================
10:764  0:000  - [01]: 'Backup'
10:764  0:000  - [03]: 'Recovery', hidden
10:764  0:000  - [04]: 'EFI'
10:764  0:000          AddLoaderEntry for Volume Name=EFI
10:764  0:000       skipped because path `PciRoot(0x0)\Pci(0x1D,0x0)\Pci(0x0,0x0)\NVMe(0x1,30-CA-00-61-CC-38-25-00)\HD(2,GPT,81B16105-4D3B-4DF3-9CF3-D0497D8116A1,0xFA000,0x32000)\EFI\microsoft\Boot\bootmgfw.efii` already exists for another entry!
10:765  0:000          AddLoaderEntry for Volume Name=EFI
10:765  0:000          skipped because entry is hidden
10:765  0:000  - [06]: 'Windows10'
10:765  0:000  - [07]: ''
10:765  0:000  - [10]: 'Hackintosh'
10:768  0:002          AddLoaderEntry for Volume Name=Hackintosh
10:769  0:000      hibernated: set as never
10:770  0:001  - [11]: 'Recovery HD', hidden
10:770  0:000  === [ AddCustomTool ] =====================================
10:770  0:000  === [ GetEfiBootDeviceFromNvram ] =========================
10:770  0:000  === [ FindStartupDiskVolume ] =============================
10:770  0:000    - Volume: partition = PciRoot(0x0)\Pci(0x1D,0x0)\Pci(0x0,0x0)\NVMe(0x1,30-CA-00-61-CC-38-25-00)\HD(8,GPT,AD2F7CBD-785A-431A-77A3-AFD0584C116A,0x184FF000,0x56BE368)
10:770  0:000     - searching for that partition
10:770  0:000      - found entry 2. 'Boot macOS from Hackintosh', Volume 'Hackintosh'
10:770  0:000  Boot redirected to Entry 2. 'Boot macOS from Hackintosh'
10:770  0:000  DefaultIndex=2 and MainMenu.EntryCount=7
10:856  0:086  can't bear mouse at all! Status=Unsupported
14:057  3:201  Found UEFI Acpi 2.0 RSDP at 6A8D0000
14:057  0:000  Saving ACPI tables from RSDP 6A8D0000 to EFI\CLOVER\ACPI\origin ...
14:057  0:000   6A8D0000: 'RSD PTR ', Rev: 2 (Acpi 2.0 or newer), Len: 36 -> RSDP.aml
14:084  0:026    (Xsdt: 6A8D00B8, Rsdt: 6A8D0028)
14:084  0:000    6A8D00B8: 'XSDT', 'MEGABOOK', Rev: 1, Len: 244 -> XSDT.aml
14:110  0:026    6A8D0028: 'RSDT', 'MEGABOOK', Rev: 1, Len: 140 -> RSDT.aml
14:135  0:024    Tables in Xsdt: 26
14:135  0:000    0. 6A8FA680: 'FACP', 'MEGABOOK', Rev: 6, Len: 276 -> FACP.aml
14:167  0:032        (Dsdt: 6A8D0248, Facs: 6AC9AC40, XDsdt: 6A8D0248, XFacs: 0)
14:167  0:000        6A8D0248: 'DSDT', 'MEGABOOK', Rev: 2, Len: 173106 -> DSDT.aml
14:195  0:028        6AC9AC40: 'FACS', Ver: 2, Len: 64 -> FACS.aml
14:221  0:025    1. 6A8FA798: 'APIC', 'MEGABOOK', Rev: 3, Len: 188 -> APIC.aml
14:249  0:027    2. 6A8FA858: 'FPDT', 'MEGABOOK', Rev: 1, Len: 68 -> FPDT.aml
14:276  0:027    3. 6A8FA8A0: 'ECDT', 'MEGABOOK', Rev: 1, Len: 193 -> ECDT.aml
14:305  0:029    4. 6A8FA968: 'MCFG', 'MEGABOOK', Rev: 1, Len: 60 -> MCFG.aml
14:334  0:028    5. 6A8FA9A8: 'SSDT', 'SataTabl', Rev: 1, Len: 857 -> SSDT-0-SataTabl.aml
14:359  0:025    6. 6A8FAD08: 'FIDT', 'MEGABOOK', Rev: 1, Len: 156 -> FIDT.aml
14:386  0:026    7. 6A8FADA8: 'SLIC', 'MEGABOOK', Rev: 1, Len: 374 -> SLIC.aml
14:412  0:026    8. 6A8FAF20: 'SSDT', 'SaSsdt', Rev: 2, Len: 12662 -> SSDT-1-SaSsdt.aml
14:438  0:025    9. 6A8FE098: 'SSDT', 'PegSsdt', Rev: 2, Len: 10360 -> SSDT-2-PegSsdt.aml
14:466  0:028    10. 6A900910: 'HPET', 'KBL', Rev: 1, Len: 56 -> HPET.aml
14:491  0:024    11. 6A900948: 'SSDT', 'Ther_Rvp', Rev: 2, Len: 3557 -> SSDT-3-Ther_Rvp.aml
14:516  0:024    12. 6A901730: 'SSDT', 'xh_rvp11', Rev: 2, Len: 2763 -> SSDT-4-xh_rvp11.aml
14:541  0:024    13. 6A902200: 'UEFI', 'EDK2', Rev: 1, Len: 66 -> UEFI.aml
14:566  0:024    14. 6A902248: 'SSDT', 'CpuSsdt', Rev: 2, Len: 3806 -> SSDT-5-CpuSsdt.aml (Found hidden SSDT 7 pcs)
14:593  0:026        * 6A3E0398: 'SSDT', 'Cpu0Ist', Rev: 2, Len: 1652  53 53 44 54 74 06 00 00 02 1F 50 6D 52 65 66 00 Internal length = 1652 -> SSDT-x5_0-Cpu0Ist.aml
14:618  0:024        * 69DB0018: 'SSDT', 'ApIst', Rev: 2, Len: 1628  53 53 44 54 5C 06 00 00 02 AF 50 6D 52 65 66 00 Internal length = 1628 -> SSDT-x5_1-ApIst.aml
14:645  0:026        * 69DB0898: 'SSDT', 'Cpu0Cst', Rev: 2, Len: 1023  53 53 44 54 FF 03 00 00 02 AF 50 6D 52 65 66 00 Internal length = 1023 -> SSDT-x5_2-Cpu0Cst.aml
14:672  0:027        * 69DB0DD8: 'SSDT', 'ApCst', Rev: 2, Len: 394  53 53 44 54 8A 01 00 00 02 39 50 6D 52 65 66 00 Internal length = 394 -> SSDT-x5_3-ApCst.aml
14:698  0:025        * 68603E58: 'SSDT', 'Cpu0Hwp', Rev: 2, Len: 277  53 53 44 54 15 01 00 00 02 AE 50 6D 52 65 66 00 Internal length = 277 -> SSDT-x5_4-Cpu0Hwp.aml
14:725  0:026        * 6860B218: 'SSDT', 'ApHwp', Rev: 2, Len: 407  53 53 44 54 97 01 00 00 02 F1 50 6D 52 65 66 00 Internal length = 407 -> SSDT-x5_5-ApHwp.aml
14:749  0:024        * 68602DD8: 'SSDT', 'HwpLvt', Rev: 2, Len: 420  53 53 44 54 A4 01 00 00 02 3C 50 6D 52 65 66 00 Internal length = 420 -> SSDT-x5_6-HwpLvt.aml
14:775  0:026  
14:775  0:000    15. 6A903128: 'LPIT', 'KBL', Rev: 1, Len: 148 -> LPIT.aml
14:800  0:024    16. 6A9031C0: 'WSMT', 'KBL', Rev: 1, Len: 40 -> WSMT.aml
14:826  0:025    17. 6A9031E8: 'SSDT', 'HdaDsp', Rev: 2, Len: 321 -> SSDT-6-HdaDsp.aml
14:856  0:029    18. 6A903330: 'SSDT', 'sensrhub', Rev: 2, Len: 671 -> SSDT-7-sensrhub.aml
14:888  0:032    19. 6A9035D0: 'SSDT', 'TbtTypeC', Rev: 2, Len: 1303 -> SSDT-8-TbtTypeC.aml
14:916  0:027    20. 6A903AE8: 'DBGP', '', Rev: 1, Len: 52 -> DBGP.aml
14:941  0:025    21. 6A903B20: 'DBG2', '', Rev: 0, Len: 84 -> DBG2.aml
14:966  0:025    22. 6A903B78: 'BGRT', 'MEGABOOK', Rev: 1, Len: 56 -> BGRT.aml
14:991  0:024    23. 6A903BB0: 'SSDT', 'SgPeg', Rev: 2, Len: 174 -> SSDT-9-SgPeg.aml
15:018  0:027    24. 6A903C60: 'TPM2', 'MEGABOOK', Rev: 3, Len: 52 -> TPM2.aml
15:046  0:027    25. 6A903C98: 'SSDT', 'OptTabl', Rev: 1, Len: 7950 -> SSDT-10-OptTabl.aml
15:071  0:024    Tables in Rsdt: 26
15:071  0:000    0. 6A8D01C0: 'FACP', 'MEGABOOK', Rev: 2, Len: 132 -> RSDT-FACP.aml
15:095  0:024        (Dsdt: 6A8D0248, Facs: 6AC9AC00)
15:095  0:000        6A8D0248: 'DSDT', 'MEGABOOK', Rev: 2, Len: 173106
15:098  0:002        6AC9AC00: 'FACS', Ver: 0, Len: 64 -> RSDT-FACS.aml
15:123  0:024    1. 6A8FA798: 'APIC', 'MEGABOOK', Rev: 3, Len: 188
15:123  0:000    2. 6A8FA858: 'FPDT', 'MEGABOOK', Rev: 1, Len: 68
15:123  0:000    3. 6A8FA8A0: 'ECDT', 'MEGABOOK', Rev: 1, Len: 193
15:123  0:000    4. 6A8FA968: 'MCFG', 'MEGABOOK', Rev: 1, Len: 60
15:123  0:000    5. 6A8FA9A8: 'SSDT', 'SataTabl', Rev: 1, Len: 857
15:123  0:000    6. 6A8FAD08: 'FIDT', 'MEGABOOK', Rev: 1, Len: 156
15:123  0:000    7. 6A8FADA8: 'SLIC', 'MEGABOOK', Rev: 1, Len: 374
15:123  0:000    8. 6A8FAF20: 'SSDT', 'SaSsdt', Rev: 2, Len: 12662
15:123  0:000    9. 6A8FE098: 'SSDT', 'PegSsdt', Rev: 2, Len: 10360
15:123  0:000    10. 6A900910: 'HPET', 'KBL', Rev: 1, Len: 56
15:123  0:000    11. 6A900948: 'SSDT', 'Ther_Rvp', Rev: 2, Len: 3557
15:123  0:000    12. 6A901730: 'SSDT', 'xh_rvp11', Rev: 2, Len: 2763
15:123  0:000    13. 6A902200: 'UEFI', 'EDK2', Rev: 1, Len: 66
15:123  0:000    14. 6A902248: 'SSDT', 'CpuSsdt', Rev: 2, Len: 3806
15:123  0:000    15. 6A903128: 'LPIT', 'KBL', Rev: 1, Len: 148
15:123  0:000    16. 6A9031C0: 'WSMT', 'KBL', Rev: 1, Len: 40
15:123  0:000    17. 6A9031E8: 'SSDT', 'HdaDsp', Rev: 2, Len: 321
15:123  0:000    18. 6A903330: 'SSDT', 'sensrhub', Rev: 2, Len: 671
15:123  0:000    19. 6A9035D0: 'SSDT', 'TbtTypeC', Rev: 2, Len: 1303
15:123  0:000    20. 6A903AE8: 'DBGP', '', Rev: 1, Len: 52
15:123  0:000    21. 6A903B20: 'DBG2', '', Rev: 0, Len: 84
15:123  0:000    22. 6A903B78: 'BGRT', 'MEGABOOK', Rev: 1, Len: 56
15:123  0:000    23. 6A903BB0: 'SSDT', 'SgPeg', Rev: 2, Len: 174
15:123  0:000    24. 6A903C60: 'TPM2', 'MEGABOOK', Rev: 3, Len: 52
15:123  0:000    25. 6A903C98: 'SSDT', 'OptTabl', Rev: 1, Len: 7950
15:123  0:000  Found UEFI Acpi 1.0 RSDP at 6A8D0000
15:123  0:000  Printing ACPI tables from RSDP 6A8D0000 ...
15:123  0:000   6A8D0000: 'RSD PTR ', Rev: 2 (Acpi 2.0 or newer), Len: 36
15:123  0:000    (Xsdt: 6A8D00B8, Rsdt: 6A8D0028)
15:123  0:000    6A8D00B8: 'XSDT', 'MEGABOOK', Rev: 1, Len: 244
15:123  0:000    6A8D0028: 'RSDT', 'MEGABOOK', Rev: 1, Len: 140
15:123  0:000    Tables in Xsdt: 26
15:123  0:000    0. 6A8FA680: 'FACP', 'MEGABOOK', Rev: 6, Len: 276
15:123  0:000        (Dsdt: 6A8D0248, Facs: 6AC9AC40, XDsdt: 6A8D0248, XFacs: 0)
15:123  0:000        6A8D0248: 'DSDT', 'MEGABOOK', Rev: 2, Len: 173106
15:126  0:002        6AC9AC40: 'FACS', Ver: 2, Len: 64
15:126  0:000    1. 6A8FA798: 'APIC', 'MEGABOOK', Rev: 3, Len: 188
15:126  0:000    2. 6A8FA858: 'FPDT', 'MEGABOOK', Rev: 1, Len: 68
15:126  0:000    3. 6A8FA8A0: 'ECDT', 'MEGABOOK', Rev: 1, Len: 193
15:126  0:000    4. 6A8FA968: 'MCFG', 'MEGABOOK', Rev: 1, Len: 60
15:126  0:000    5. 6A8FA9A8: 'SSDT', 'SataTabl', Rev: 1, Len: 857
15:126  0:000    6. 6A8FAD08: 'FIDT', 'MEGABOOK', Rev: 1, Len: 156
15:126  0:000    7. 6A8FADA8: 'SLIC', 'MEGABOOK', Rev: 1, Len: 374
15:126  0:000    8. 6A8FAF20: 'SSDT', 'SaSsdt', Rev: 2, Len: 12662
15:126  0:000    9. 6A8FE098: 'SSDT', 'PegSsdt', Rev: 2, Len: 10360
15:126  0:000    10. 6A900910: 'HPET', 'KBL', Rev: 1, Len: 56
15:126  0:000    11. 6A900948: 'SSDT', 'Ther_Rvp', Rev: 2, Len: 3557
15:126  0:000    12. 6A901730: 'SSDT', 'xh_rvp11', Rev: 2, Len: 2763
15:126  0:000    13. 6A902200: 'UEFI', 'EDK2', Rev: 1, Len: 66
15:126  0:000    14. 6A902248: 'SSDT', 'CpuSsdt', Rev: 2, Len: 3806
15:126  0:000    15. 6A903128: 'LPIT', 'KBL', Rev: 1, Len: 148
15:126  0:000    16. 6A9031C0: 'WSMT', 'KBL', Rev: 1, Len: 40
15:126  0:000    17. 6A9031E8: 'SSDT', 'HdaDsp', Rev: 2, Len: 321
15:126  0:000    18. 6A903330: 'SSDT', 'sensrhub', Rev: 2, Len: 671
15:126  0:000    19. 6A9035D0: 'SSDT', 'TbtTypeC', Rev: 2, Len: 1303
15:126  0:000    20. 6A903AE8: 'DBGP', '', Rev: 1, Len: 52
15:126  0:000    21. 6A903B20: 'DBG2', '', Rev: 0, Len: 84
15:126  0:000    22. 6A903B78: 'BGRT', 'MEGABOOK', Rev: 1, Len: 56
15:126  0:000    23. 6A903BB0: 'SSDT', 'SgPeg', Rev: 2, Len: 174
15:126  0:000    24. 6A903C60: 'TPM2', 'MEGABOOK', Rev: 3, Len: 52
15:126  0:000    25. 6A903C98: 'SSDT', 'OptTabl', Rev: 1, Len: 7950
15:126  0:000    Tables in Rsdt: 26
15:126  0:000    0. 6A8D01C0: 'FACP', 'MEGABOOK', Rev: 2, Len: 132
15:126  0:000        (Dsdt: 6A8D0248, Facs: 6AC9AC00)
15:126  0:000        6A8D0248: 'DSDT', 'MEGABOOK', Rev: 2, Len: 173106
15:129  0:002        6AC9AC00: 'FACS', Ver: 0, Len: 64
15:129  0:000    1. 6A8FA798: 'APIC', 'MEGABOOK', Rev: 3, Len: 188
15:129  0:000    2. 6A8FA858: 'FPDT', 'MEGABOOK', Rev: 1, Len: 68
15:129  0:000    3. 6A8FA8A0: 'ECDT', 'MEGABOOK', Rev: 1, Len: 193
15:129  0:000    4. 6A8FA968: 'MCFG', 'MEGABOOK', Rev: 1, Len: 60
15:129  0:000    5. 6A8FA9A8: 'SSDT', 'SataTabl', Rev: 1, Len: 857
15:129  0:000    6. 6A8FAD08: 'FIDT', 'MEGABOOK', Rev: 1, Len: 156
15:129  0:000    7. 6A8FADA8: 'SLIC', 'MEGABOOK', Rev: 1, Len: 374
15:129  0:000    8. 6A8FAF20: 'SSDT', 'SaSsdt', Rev: 2, Len: 12662
15:129  0:000    9. 6A8FE098: 'SSDT', 'PegSsdt', Rev: 2, Len: 10360
15:129  0:000    10. 6A900910: 'HPET', 'KBL', Rev: 1, Len: 56
15:129  0:000    11. 6A900948: 'SSDT', 'Ther_Rvp', Rev: 2, Len: 3557
15:129  0:000    12. 6A901730: 'SSDT', 'xh_rvp11', Rev: 2, Len: 2763
15:129  0:000    13. 6A902200: 'UEFI', 'EDK2', Rev: 1, Len: 66
15:129  0:000    14. 6A902248: 'SSDT', 'CpuSsdt', Rev: 2, Len: 3806
15:129  0:000    15. 6A903128: 'LPIT', 'KBL', Rev: 1, Len: 148
15:129  0:000    16. 6A9031C0: 'WSMT', 'KBL', Rev: 1, Len: 40
15:129  0:000    17. 6A9031E8: 'SSDT', 'HdaDsp', Rev: 2, Len: 321
15:129  0:000    18. 6A903330: 'SSDT', 'sensrhub', Rev: 2, Len: 671
15:129  0:000    19. 6A9035D0: 'SSDT', 'TbtTypeC', Rev: 2, Len: 1303
15:129  0:000    20. 6A903AE8: 'DBGP', '', Rev: 1, Len: 52
15:129  0:000    21. 6A903B20: 'DBG2', '', Rev: 0, Len: 84
15:129  0:000    22. 6A903B78: 'BGRT', 'MEGABOOK', Rev: 1, Len: 56
15:129  0:000    23. 6A903BB0: 'SSDT', 'SgPeg', Rev: 2, Len: 174
15:129  0:000    24. 6A903C60: 'TPM2', 'MEGABOOK', Rev: 3, Len: 52
15:129  0:000    25. 6A903C98: 'SSDT', 'OptTabl', Rev: 1, Len: 7950
15:928  0:799  exit from MainMenu 1
15:929  0:000  ParseBootOption: invalid input params
15:929  0:000  BootVariable of the entry is empty
15:929  0:000  === [ StartLoader ] =======================================
15:929  0:000  Finally: ExternalClock=26MHz BusSpeed=100300kHz CPUFreq=2808MHz PIS: hw.busfrequency=104000000Hz
15:929  0:000  Loading boot.efi  status=Success
15:995  0:066  GetOSVersion: 10.14.6 (18G84)
15:995  0:000  CSR_CFG: CSR_ALLOW_UNTRUSTED_KEXTS | CSR_ALLOW_UNRESTRICTED_FS | CSR_ALLOW_TASK_FOR_PID | CSR_ALLOW_UNRESTRICTED_DTRACE | CSR_ALLOW_UNRESTRICTED_NVRAM
15:995  0:000  Filtering KernelPatches:
15:995  0:000   - [00]: MSR 0xE2 _xcpm_idle instant reboot(c) Pike R. Alpha :: [OS: 10.14.6 | MatchOS: All | MatchBuild: no] ==> allowed by OS
15:995  0:000   - [01]: Disable panic kext logging on 10.13 release kernel (credit vit9696) :: [OS: 10.14.6 | MatchOS: 10.13.x | MatchBuild: no] ==> not allowed by OS
15:995  0:000   - [02]: Disable panic kext logging on 10.14 release kernel (credit vit9696) :: [OS: 10.14.6 | MatchOS: 10.14.x | MatchBuild: no] ==> allowed by OS
15:995  0:000  Will not patch boot.efi
15:995  0:000  === [ PatchSmbios ] =======================================
15:995  0:000  insert table 9 for dev 0:0
15:995  0:000  insert table 9 for dev 0:0
15:995  0:000  insert table 9 for dev 0:0
15:995  0:000  Table 11 present, but rewritten for us
15:997  0:001  Trusting SMBIOS...
15:997  0:000  Detected alternating SMBIOS channel banks
15:997  0:000  Channels: 2
15:997  0:000  Interleave: 0 2 1 3 4 6 5 7 8 10 9 11 12 14 13 15 16 18 17 19 20 22 21 23
15:997  0:000   partNum=M471A1K43BB1-CRC    
15:997  0:000  SMBIOS Type 17 Index = 0 => 0 0:
15:997  0:000  BANK 0 DIMM0 2400MHz 8192MB
15:997  0:000   partNum=M471A1K43BB1-CRC    
15:997  0:000  SMBIOS Type 17 Index = 1 => 1 2:
15:997  0:000  BANK 1 DIMM0 2400MHz 8192MB
15:997  0:000  mTotalSystemMemory = 16384
15:997  0:000  NumberOfMemoryDevices = 2
15:997  0:000  Type20[0]->End = 0x7FFFFF, Type17[0] = 0x2000
15:997  0:000  Type20[1]->End = 0xFFFFFF, Type17[1] = 0x6000
15:997  0:000  Table 131 is present, CPUType=31
15:997  0:000  Change to: 705
15:997  0:000  === [ PatchACPI ] =========================================
15:997  0:000  Xsdt reallocation done
15:997  0:000  old FADT length=114
15:997  0:000   SignatureFixup: 0x50FD0A99 -> 0x0
15:997  0:000  DSDT found in Clover volume OEM folder: EFI\CLOVER\ACPI\patched\DSDT.aml
15:999  0:001  Apply DsdtFixMask=0x01060050
15:999  0:000     drop _DSM mask=0x0000
15:999  0:000  === [ FixBiosDsdt ] =======================================
15:999  0:000  Patching DSDT:
15:999  0:000   - [change OSID to XSID (to avoid match against _OSI XOSI patch)]: disabled
15:999  0:000   - [change _OSI to XOSI]: disabled
15:999  0:000   - [change _DSM to XDSM]: disabled
15:999  0:000   - [change EC0 to EC]: disabled
15:999  0:000   - [change H_EC to EC]: disabled
15:999  0:000   - [change ECDV to EC]: disabled
15:999  0:000   - [change HDAS to HDEF]: pattern 48444153, bin not found / already patched!
15:999  0:000   - [change HECI to IMEI]: pattern 48454349, patched at: [ (110C4) ]
15:999  0:000   - [change MEI to IMEI]: pattern 4D45495F, bin not found / already patched!
16:000  0:000   - [change GFX0 to IGPU]: pattern 47465830, bin not found / already patched!
16:000  0:000   - [change PCI0.VID to IGPU #1 (Thinkpad)]: disabled
16:000  0:000   - [change PCI0.VID to IGPU #2 (Thinkpad)]: disabled
16:000  0:000    0 replacements
16:002  0:002  Start HPET Fix
16:004  0:001  PreCleanup XSDT: count=26, length=244
16:004  0:000  PreCleanup XSDT, corrected XSDT: count=26, length=244
16:004  0:000  === [ ACPIPatchedAML ] ====================================
16:004  0:000  AutoMerge pass 1
16:004  0:000  Unsorted
16:004  0:000  Inserting SSDT-2.aml from EFI\CLOVER\ACPI\patched: size=10368 @9 ... Success
16:004  0:000  Inserting SSDT-PNLF.aml from EFI\CLOVER\ACPI\patched: ignore on pass 1
16:004  0:000  === [ ACPIDropTables ] ====================================
16:004  0:000  Patching SSDT SataTabl Length=857
16:004  0:000  0. [change OSID to XSID (to avoid match against _OSI XOSI patch)]: disabled
16:004  0:000  1. [change _OSI to XOSI]: disabled
16:004  0:000  2. [change _DSM to XDSM]: disabled
16:004  0:000  3. [change EC0 to EC]: disabled
16:004  0:000  4. [change H_EC to EC]: disabled
16:004  0:000  5. [change ECDV to EC]: disabled
16:004  0:000  6. [change HDAS to HDEF]: pattern 48444153, bin not found / already patched!
16:004  0:000  7. [change HECI to IMEI]: pattern 48454349, bin not found / already patched!
16:004  0:000  8. [change MEI to IMEI]: pattern 4D45495F, bin not found / already patched!
16:004  0:000  9. [change GFX0 to IGPU]: pattern 47465830, bin not found / already patched!
16:004  0:000  10. [change PCI0.VID to IGPU #1 (Thinkpad)]: disabled
16:004  0:000  11. [change PCI0.VID to IGPU #2 (Thinkpad)]: disabled
16:004  0:000    0 replacements
16:004  0:000  Patching SSDT SaSsdt  Length=12662
16:004  0:000  0. [change OSID to XSID (to avoid match against _OSI XOSI patch)]: disabled
16:004  0:000  1. [change _OSI to XOSI]: disabled
16:004  0:000  2. [change _DSM to XDSM]: disabled
16:004  0:000  3. [change EC0 to EC]: disabled
16:004  0:000  4. [change H_EC to EC]: disabled
16:004  0:000  5. [change ECDV to EC]: disabled
16:004  0:000  6. [change HDAS to HDEF]: pattern 48444153, bin not found / already patched!
16:004  0:000  7. [change HECI to IMEI]: pattern 48454349, bin not found / already patched!
16:004  0:000  8. [change MEI to IMEI]: pattern 4D45495F, bin not found / already patched!
16:004  0:000  9. [change GFX0 to IGPU]: pattern 47465830, patched at: [ (2D) (20) (46) (2A0) (1C8A) (A3A) (1D) (6EC) ]
16:004  0:000  10. [change PCI0.VID to IGPU #1 (Thinkpad)]: disabled
16:004  0:000  11. [change PCI0.VID to IGPU #2 (Thinkpad)]: disabled
16:004  0:000    0 replacements
16:004  0:000  Found OperationRegion(SANV, SystemMemory, 6AC9A358, ...)
16:004  0:000  Patching SSDT PegSsdt Length=10368
16:004  0:000  0. [change OSID to XSID (to avoid match against _OSI XOSI patch)]: disabled
16:004  0:000  1. [change _OSI to XOSI]: disabled
16:004  0:000  2. [change _DSM to XDSM]: disabled
16:004  0:000  3. [change EC0 to EC]: disabled
16:004  0:000  4. [change H_EC to EC]: disabled
16:004  0:000  5. [change ECDV to EC]: disabled
16:004  0:000  6. [change HDAS to HDEF]: pattern 48444153, bin not found / already patched!
16:005  0:000  7. [change HECI to IMEI]: pattern 48454349, bin not found / already patched!
16:005  0:000  8. [change MEI to IMEI]: pattern 4D45495F, bin not found / already patched!
16:005  0:000  9. [change GFX0 to IGPU]: pattern 47465830, bin not found / already patched!
16:005  0:000  10. [change PCI0.VID to IGPU #1 (Thinkpad)]: disabled
16:005  0:000  11. [change PCI0.VID to IGPU #2 (Thinkpad)]: disabled
16:005  0:000    0 replacements
16:005  0:000  Patching SSDT Ther_Rvp Length=3557
16:005  0:000  0. [change OSID to XSID (to avoid match against _OSI XOSI patch)]: disabled
16:005  0:000  1. [change _OSI to XOSI]: disabled
16:005  0:000  2. [change _DSM to XDSM]: disabled
16:005  0:000  3. [change EC0 to EC]: disabled
16:005  0:000  4. [change H_EC to EC]: disabled
16:005  0:000  5. [change ECDV to EC]: disabled
16:005  0:000  6. [change HDAS to HDEF]: pattern 48444153, bin not found / already patched!
16:005  0:000  7. [change HECI to IMEI]: pattern 48454349, bin not found / already patched!
16:005  0:000  8. [change MEI to IMEI]: pattern 4D45495F, bin not found / already patched!
16:005  0:000  9. [change GFX0 to IGPU]: pattern 47465830, bin not found / already patched!
16:005  0:000  10. [change PCI0.VID to IGPU #1 (Thinkpad)]: disabled
16:005  0:000  11. [change PCI0.VID to IGPU #2 (Thinkpad)]: disabled
16:005  0:000    0 replacements
16:005  0:000  Patching SSDT xh_rvp11 Length=2763
16:005  0:000  0. [change OSID to XSID (to avoid match against _OSI XOSI patch)]: disabled
16:005  0:000  1. [change _OSI to XOSI]: disabled
16:005  0:000  2. [change _DSM to XDSM]: disabled
16:005  0:000  3. [change EC0 to EC]: disabled
16:005  0:000  4. [change H_EC to EC]: disabled
16:005  0:000  5. [change ECDV to EC]: disabled
16:005  0:000  6. [change HDAS to HDEF]: pattern 48444153, bin not found / already patched!
16:005  0:000  7. [change HECI to IMEI]: pattern 48454349, bin not found / already patched!
16:005  0:000  8. [change MEI to IMEI]: pattern 4D45495F, bin not found / already patched!
16:005  0:000  9. [change GFX0 to IGPU]: pattern 47465830, bin not found / already patched!
16:005  0:000  10. [change PCI0.VID to IGPU #1 (Thinkpad)]: disabled
16:005  0:000  11. [change PCI0.VID to IGPU #2 (Thinkpad)]: disabled
16:005  0:000    0 replacements
16:005  0:000  Patching SSDT CpuSsdt Length=3806
16:005  0:000  0. [change OSID to XSID (to avoid match against _OSI XOSI patch)]: disabled
16:005  0:000  1. [change _OSI to XOSI]: disabled
16:005  0:000  2. [change _DSM to XDSM]: disabled
16:005  0:000  3. [change EC0 to EC]: disabled
16:005  0:000  4. [change H_EC to EC]: disabled
16:005  0:000  5. [change ECDV to EC]: disabled
16:005  0:000  6. [change HDAS to HDEF]: pattern 48444153, bin not found / already patched!
16:005  0:000  7. [change HECI to IMEI]: pattern 48454349, bin not found / already patched!
16:005  0:000  8. [change MEI to IMEI]: pattern 4D45495F, bin not found / already patched!
16:005  0:000  9. [change GFX0 to IGPU]: pattern 47465830, bin not found / already patched!
16:005  0:000  10. [change PCI0.VID to IGPU #1 (Thinkpad)]: disabled
16:005  0:000  11. [change PCI0.VID to IGPU #2 (Thinkpad)]: disabled
16:005  0:000    0 replacements
16:005  0:000  Found OperationRegion(PNVS, SystemMemory, 6348A000, ...)
16:005  0:000  Patching SSDT HdaDsp Length=321
16:005  0:000  0. [change OSID to XSID (to avoid match against _OSI XOSI patch)]: disabled
16:005  0:000  1. [change _OSI to XOSI]: disabled
16:005  0:000  2. [change _DSM to XDSM]: disabled
16:005  0:000  3. [change EC0 to EC]: disabled
16:005  0:000  4. [change H_EC to EC]: disabled
16:005  0:000  5. [change ECDV to EC]: disabled
16:005  0:000  6. [change HDAS to HDEF]: pattern 48444153, patched at: [ (20) (48) ]
16:005  0:000  7. [change HECI to IMEI]: pattern 48454349, bin not found / already patched!
16:005  0:000  8. [change MEI to IMEI]: pattern 4D45495F, bin not found / already patched!
16:005  0:000  9. [change GFX0 to IGPU]: pattern 47465830, bin not found / already patched!
16:005  0:000  10. [change PCI0.VID to IGPU #1 (Thinkpad)]: disabled
16:005  0:000  11. [change PCI0.VID to IGPU #2 (Thinkpad)]: disabled
16:005  0:000    0 replacements
16:005  0:000  Patching SSDT sensrhub Length=671
16:005  0:000  0. [change OSID to XSID (to avoid match against _OSI XOSI patch)]: disabled
16:005  0:000  1. [change _OSI to XOSI]: disabled
16:005  0:000  2. [change _DSM to XDSM]: disabled
16:005  0:000  3. [change EC0 to EC]: disabled
16:005  0:000  4. [change H_EC to EC]: disabled
16:005  0:000  5. [change ECDV to EC]: disabled
16:005  0:000  6. [change HDAS to HDEF]: pattern 48444153, bin not found / already patched!
16:005  0:000  7. [change HECI to IMEI]: pattern 48454349, bin not found / already patched!
16:005  0:000  8. [change MEI to IMEI]: pattern 4D45495F, bin not found / already patched!
16:005  0:000  9. [change GFX0 to IGPU]: pattern 47465830, bin not found / already patched!
16:005  0:000  10. [change PCI0.VID to IGPU #1 (Thinkpad)]: disabled
16:005  0:000  11. [change PCI0.VID to IGPU #2 (Thinkpad)]: disabled
16:005  0:000    0 replacements
16:005  0:000  Patching SSDT TbtTypeC Length=1303
16:005  0:000  0. [change OSID to XSID (to avoid match against _OSI XOSI patch)]: disabled
16:005  0:000  1. [change _OSI to XOSI]: disabled
16:005  0:000  2. [change _DSM to XDSM]: disabled
16:005  0:000  3. [change EC0 to EC]: disabled
16:005  0:000  4. [change H_EC to EC]: disabled
16:005  0:000  5. [change ECDV to EC]: disabled
16:005  0:000  6. [change HDAS to HDEF]: pattern 48444153, bin not found / already patched!
16:005  0:000  7. [change HECI to IMEI]: pattern 48454349, bin not found / already patched!
16:005  0:000  8. [change MEI to IMEI]: pattern 4D45495F, bin not found / already patched!
16:005  0:000  9. [change GFX0 to IGPU]: pattern 47465830, bin not found / already patched!
16:005  0:000  10. [change PCI0.VID to IGPU #1 (Thinkpad)]: disabled
16:005  0:000  11. [change PCI0.VID to IGPU #2 (Thinkpad)]: disabled
16:005  0:000    0 replacements
16:005  0:000  Patching SSDT SgPeg Length=174
16:005  0:000  0. [change OSID to XSID (to avoid match against _OSI XOSI patch)]: disabled
16:005  0:000  1. [change _OSI to XOSI]: disabled
16:005  0:000  2. [change _DSM to XDSM]: disabled
16:005  0:000  3. [change EC0 to EC]: disabled
16:005  0:000  4. [change H_EC to EC]: disabled
16:005  0:000  5. [change ECDV to EC]: disabled
16:005  0:000  6. [change HDAS to HDEF]: pattern 48444153, bin not found / already patched!
16:005  0:000  7. [change HECI to IMEI]: pattern 48454349, bin not found / already patched!
16:005  0:000  8. [change MEI to IMEI]: pattern 4D45495F, bin not found / already patched!
16:005  0:000  9. [change GFX0 to IGPU]: pattern 47465830, bin not found / already patched!
16:005  0:000  10. [change PCI0.VID to IGPU #1 (Thinkpad)]: disabled
16:005  0:000  11. [change PCI0.VID to IGPU #2 (Thinkpad)]: disabled
16:005  0:000    0 replacements
16:005  0:000  Patching SSDT OptTabl Length=7950
16:005  0:000  0. [change OSID to XSID (to avoid match against _OSI XOSI patch)]: disabled
16:005  0:000  1. [change _OSI to XOSI]: disabled
16:005  0:000  2. [change _DSM to XDSM]: disabled
16:005  0:000  3. [change EC0 to EC]: disabled
16:005  0:000  4. [change H_EC to EC]: disabled
16:005  0:000  5. [change ECDV to EC]: disabled
16:005  0:000  6. [change HDAS to HDEF]: pattern 48444153, bin not found / already patched!
16:005  0:000  7. [change HECI to IMEI]: pattern 48454349, bin not found / already patched!
16:005  0:000  8. [change MEI to IMEI]: pattern 4D45495F, bin not found / already patched!
16:005  0:000  9. [change GFX0 to IGPU]: pattern 47465830, patched at: [ (55) (28) (63D) (91) (52F) (123D) (11) ]
16:005  0:000  10. [change PCI0.VID to IGPU #1 (Thinkpad)]: disabled
16:005  0:000  11. [change PCI0.VID to IGPU #2 (Thinkpad)]: disabled
16:005  0:000    0 replacements
16:005  0:000  === [ ACPIPatchedAML ] ====================================
16:005  0:000  AutoMerge pass 2
16:005  0:000  Unsorted
16:005  0:000  Inserting SSDT-PNLF.aml from EFI\CLOVER\ACPI\patched: size=1128 ... Success
16:005  0:000  CPUBase=0 and ApicCPUBase=1 ApicCPUNum=1
16:005  0:000  Maximum control=0x1C
16:005  0:000  Turbo control=0x26
16:005  0:000  P-States: min 0x8, max 0x26
16:005  0:000  SSDT with plugin-type without P-States is generated
16:005  0:000  Cleanup XSDT: count=28, length=260
16:005  0:000  corrected XSDT count=28, length=260
16:005  0:000  === [ RestSetup macOS ] ===================================
16:005  0:000  EdidDiscovered size=128
16:005  0:000  --- Discovered EDID Table size:128
16:005  0:000  000  |  00  FF  FF  FF  FF  FF  FF  00  0D  AE
16:005  0:000  010  |  47  17  00  00  00  00  10  1A  01  04
16:005  0:000  020  |  A5  26  15  78  02  8A  D5  AD  4F  43
16:005  0:000  030  |  AD  26  0F  50  54  00  00  00  01  01
16:005  0:000  040  |  01  01  01  01  01  01  01  01  01  01
16:005  0:000  050  |  01  01  01  01  64  77  80  4A  71  38
16:005  0:000  060  |  34  40  64  42  6A  00  7D  D6  10  00
16:005  0:000  070  |  00  18  00  00  00  FE  00  4E  31  37
16:005  0:000  080  |  33  48  48  45  2D  47  33  32  0A  20
16:005  0:000  090  |  00  00  00  FE  00  43  4D  4E  0A  20
16:005  0:000  100  |  20  20  20  20  20  20  20  20  00  00
16:005  0:000  110  |  00  FE  00  4E  31  37  33  48  48  45
16:005  0:000  120  |  2D  47  33  32  0A  20  00  5F
16:005  0:000  add device: PciRoot(0x0)/Pci(0x1F,0x3)
16:005  0:000     Add key=layout-id valuelen=4
16:005  0:000  NVidia GFX injection not set
16:005  0:000  Intel HD Graphics 630 [8086:591B] :: PciRoot(0x0)\Pci(0x2,0x0)
16:005  0:000    FakeID Intel GFX = 0x59168086
16:005  0:000    ig-platform-id = 0x591B0000
16:005  0:000  Intel GFX revision  = 0x4
16:006  0:000   RCBA disabled; cannot use it
16:006  0:000  stringlength = 1478
16:006  0:000  CurrentMode: Width=1920 Height=1080
16:006  0:000  Beginning FSInjection
FSInjectionInstall ...
- Our FSI_SIMPLE_FILE_SYSTEM_PROTOCOL installed on handle: 66C44858
FSInjectionInstall ...
- Our FSI_SIMPLE_FILE_SYSTEM_PROTOCOL installed on handle: 66C44858
16:015  0:009  Use origin smbios table type 1 guid.
16:029  0:013    Force kext: System\Library\Extensions\IONetworkingFamily.kext
16:033  0:003      Force PlugIn kext: System\Library\Extensions\IONetworkingFamily.kext\Contents\PlugIns\AppleBCM5701Ethernet.kext
16:036  0:003      Force PlugIn kext: System\Library\Extensions\IONetworkingFamily.kext\Contents\PlugIns\AppleEthernetAquantiaAqtion.kext
16:039  0:003      Force PlugIn kext: System\Library\Extensions\IONetworkingFamily.kext\Contents\PlugIns\AppleEthernetAquantiaAqtionFirmware.kext
16:043  0:003      Force PlugIn kext: System\Library\Extensions\IONetworkingFamily.kext\Contents\PlugIns\AppleIntel8254XEthernet.kext
16:046  0:003      Force PlugIn kext: System\Library\Extensions\IONetworkingFamily.kext\Contents\PlugIns\AppleIntelI210Ethernet.kext
16:049  0:003      Force PlugIn kext: System\Library\Extensions\IONetworkingFamily.kext\Contents\PlugIns\AppleVmxnet3Ethernet.kext
16:052  0:002      Force PlugIn kext: System\Library\Extensions\IONetworkingFamily.kext\Contents\PlugIns\AppleYukon2.kext
16:056  0:004      Force PlugIn kext: System\Library\Extensions\IONetworkingFamily.kext\Contents\PlugIns\Intel82574L.kext
16:059  0:003      Force PlugIn kext: System\Library\Extensions\IONetworkingFamily.kext\Contents\PlugIns\IOEthernetAVBController.kext
16:061  0:002      Force PlugIn kext: System\Library\Extensions\IONetworkingFamily.kext\Contents\PlugIns\mDNSOffloadUserClient.kext
16:064  0:002      Force PlugIn kext: System\Library\Extensions\IONetworkingFamily.kext\Contents\PlugIns\nvenet.kext
16:066  0:002  Preparing kexts injection for arch=x86_64 from EFI\CLOVER\kexts\Other
16:066  0:000  Extra kext: EFI\CLOVER\kexts\Other\NullCPUPowerManagement.kext (v.1.0.0d2)
16:067  0:000  Extra kext: EFI\CLOVER\kexts\Other\AtherosE2200Ethernet.kext (v.2.2.2)
16:068  0:001  Extra kext: EFI\CLOVER\kexts\Other\AHCIPortInjector.kext (v.1.0.1)
16:073  0:004  Extra kext: EFI\CLOVER\kexts\Other\AHCI_3rdParty_SATA.kext (v.0.4)
16:074  0:001  Extra kext: EFI\CLOVER\kexts\Other\ACPIBatteryManager.kext (v.1.90.1)
16:079  0:004  SetScreenResolution: 1920x1080 - already set
16:079  0:000  Custom boot is disabled
16:081  0:001  Closing log
